<?xml version="1.0" encoding="UTF-8"?>
<testng-results ignored="0" total="1" passed="1" failed="0" skipped="0">
  <reporter-output>
  </reporter-output>
  <suite started-at="2022-05-08T16:47:54 IST" name="Default suite" finished-at="2022-05-08T16:48:09 IST" duration-ms="14537">
    <groups>
    </groups>
    <test started-at="2022-05-08T16:47:54 IST" name="Default test" finished-at="2022-05-08T16:48:09 IST" duration-ms="14537">
      <class name="foodbox.Capstone.repo.AdminTest">
        <test-method is-config="true" signature="launchBrowser()[pri:0, instance:foodbox.Capstone.repo.AdminTest@47e2e487]" started-at="2022-05-08T16:47:54 IST" name="launchBrowser" finished-at="2022-05-08T16:48:08 IST" duration-ms="13585" status="PASS">
          <reporter-output>
          </reporter-output>
        </test-method> <!-- launchBrowser -->
        <test-method signature="login_Passadmin()[pri:0, instance:foodbox.Capstone.repo.AdminTest@47e2e487]" started-at="2022-05-08T16:48:08 IST" name="login_Passadmin" finished-at="2022-05-08T16:48:09 IST" duration-ms="906" status="PASS">
          <reporter-output>
          </reporter-output>
        </test-method> <!-- login_Passadmin -->
      </class> <!-- foodbox.Capstone.repo.AdminTest -->
    </test> <!-- Default test -->
  </suite> <!-- Default suite -->
</testng-results>
